Copyright 1986-2022 Xilinx, Inc. All Rights Reserved. Copyright 2022-2026 Advanced Micro Devices, Inc. All Rights Reserved.
---------------------------------------------------------------------------------------------------------------------------------------------
| Tool Version : Vivado v.2026.1 (lin64) Build 6511674 Tue Jun 16 11:01:26 MDT 2026
| Date         : Wed Jul  8 20:53:03 2026
| Host         : 79b531a7b86c running 64-bit Ubuntu"
VERSION_ID="22.04 22.04.5 LTS (Jammy Jellyfish)"
VERSION_CODENAME=jammy
| Command      : report_utilization -file /work/fpga/out/util_synth.rpt
| Design       : glm_q4k_system_cdc
| Device       : xcku3p-ffvb676-2-e
| Speed File   : -2
| Design State : Synthesized
---------------------------------------------------------------------------------------------------------------------------------------------

Utilization Design Information

Table of Contents
-----------------
1. CLB Logic
1.1 Summary of Registers by Type
2. BLOCKRAM
3. ARITHMETIC
4. I/O
5. CLOCK
6. ADVANCED
7. CONFIGURATION
8. Primitives
9. Black Boxes
10. Instantiated Netlists

1. CLB Logic
------------

+----------------------------+--------+-------+------------+-----------+-------+
|          Site Type         |  Used  | Fixed | Prohibited | Available | Util% |
+----------------------------+--------+-------+------------+-----------+-------+
| CLB LUTs*                  | 141710 |     0 |          0 |    162720 | 87.09 |
|   LUT as Logic             | 138242 |     0 |          0 |    162720 | 84.96 |
|   LUT as Memory            |   3468 |     0 |          0 |     99840 |  3.47 |
|     LUT as Distributed RAM |   1360 |     0 |            |           |       |
|     LUT as Shift Register  |   2108 |     0 |            |           |       |
| CLB Registers              |  99597 |     0 |          0 |    325440 | 30.60 |
|   Register as Flip Flop    |  99597 |     0 |          0 |    325440 | 30.60 |
|   Register as Latch        |      0 |     0 |          0 |    325440 |  0.00 |
| CARRY8                     |   3100 |     0 |          0 |     27120 | 11.43 |
| F7 Muxes                   |   7938 |     0 |          0 |    108480 |  7.32 |
| F8 Muxes                   |   3341 |     0 |          0 |     54240 |  6.16 |
| F9 Muxes                   |      0 |     0 |          0 |     27120 |  0.00 |
| Unique Control Sets        |   2496 |       |          0 |     54240 |  4.60 |
+----------------------------+--------+-------+------------+-----------+-------+
* Warning! The Final LUT count, after physical optimizations and full implementation, is typically lower. Run opt_design after synthesis, if not already completed, for a more realistic count.
Warning! LUT value is adjusted to account for LUT combining.
Warning! For any ECO changes, please run place_design if there are unplaced instances
** Note: Available Control Sets calculated as Slices * 2, Review the Control Sets Report for more information regarding control sets.


1.1 Summary of Registers by Type
--------------------------------

+-------+--------------+-------------+--------------+
| Total | Clock Enable | Synchronous | Asynchronous |
+-------+--------------+-------------+--------------+
| 0     |            _ |           - |            - |
| 0     |            _ |           - |          Set |
| 0     |            _ |           - |        Reset |
| 0     |            _ |         Set |            - |
| 0     |            _ |       Reset |            - |
| 0     |          Yes |           - |            - |
| 0     |          Yes |           - |          Set |
| 4     |          Yes |           - |        Reset |
| 343   |          Yes |         Set |            - |
| 99250 |          Yes |       Reset |            - |
+-------+--------------+-------------+--------------+


2. BLOCKRAM
-----------

+----------------+------+-------+------------+-----------+-------+
|    Site Type   | Used | Fixed | Prohibited | Available | Util% |
+----------------+------+-------+------------+-----------+-------+
| Block RAM Tile |    0 |     0 |          0 |       360 |  0.00 |
|   RAMB36/FIFO* |    0 |     0 |          0 |       360 |  0.00 |
|   RAMB18       |    0 |     0 |          0 |       720 |  0.00 |
| URAM           |    0 |     0 |          0 |        48 |  0.00 |
+----------------+------+-------+------------+-----------+-------+
* Note: Each Block RAM Tile only has one FIFO logic available and therefore can accommodate only one FIFO36E2 or one FIFO18E2. However, if a FIFO18E2 occupies a Block RAM Tile, that tile can still accommodate a RAMB18E2


3. ARITHMETIC
-------------

+----------------+------+-------+------------+-----------+-------+
|    Site Type   | Used | Fixed | Prohibited | Available | Util% |
+----------------+------+-------+------------+-----------+-------+
| DSPs           |  421 |     0 |          0 |      1368 | 30.77 |
|   DSP48E2 only |  421 |       |            |           |       |
+----------------+------+-------+------------+-----------+-------+


4. I/O
------

+------------------+-------+-------+------------+-----------+---------+
|     Site Type    |  Used | Fixed | Prohibited | Available |  Util%  |
+------------------+-------+-------+------------+-----------+---------+
| Bonded IOB       | 13146 |     0 |          0 |       280 | 4695.00 |
|   HPIOB_M        |     0 |     0 |          0 |        96 |    0.00 |
|   HPIOB_S        |     0 |     0 |          0 |        96 |    0.00 |
|   HDIOB_M        |     0 |     0 |          0 |        36 |    0.00 |
|   HDIOB_S        |     0 |     0 |          0 |        36 |    0.00 |
|   HPIOB_SNGL     |     0 |     0 |          0 |        16 |    0.00 |
| HPIOBDIFFINBUF   |     0 |     0 |          0 |        96 |    0.00 |
| HPIOBDIFFOUTBUF  |     0 |     0 |          0 |        96 |    0.00 |
| HDIOBDIFFINBUF   |     0 |     0 |          0 |        48 |    0.00 |
| BITSLICE_CONTROL |     0 |     0 |          0 |        32 |    0.00 |
| BITSLICE_RX_TX   |     0 |     0 |          0 |      1248 |    0.00 |
| BITSLICE_TX      |     0 |     0 |          0 |        32 |    0.00 |
| RIU_OR           |     0 |     0 |          0 |        16 |    0.00 |
+------------------+-------+-------+------------+-----------+---------+


5. CLOCK
--------

+------------+------+-------+------------+-----------+-------+
|  Site Type | Used | Fixed | Prohibited | Available | Util% |
+------------+------+-------+------------+-----------+-------+
| BUFGCE     |    2 |     0 |          0 |       112 |  1.79 |
| BUFGCE_DIV |    0 |     0 |          0 |        16 |  0.00 |
| BUFG_GT    |    0 |     0 |          0 |        96 |  0.00 |
| BUFGCTRL*  |    0 |     0 |          0 |        32 |  0.00 |
| PLL        |    0 |     0 |          0 |         8 |  0.00 |
| MMCM       |    0 |     0 |          0 |         4 |  0.00 |
+------------+------+-------+------------+-----------+-------+
* Note: Each used BUFGCTRL counts as two GLOBAL CLOCK BUFFERs. This table does not include global clocking resources, only buffer cell usage. See the Clock Utilization Report (report_clock_utilization) for detailed accounting of global clocking resource availability.


6. ADVANCED
-----------

+-----------------+------+-------+------------+-----------+-------+
|    Site Type    | Used | Fixed | Prohibited | Available | Util% |
+-----------------+------+-------+------------+-----------+-------+
| CMACE4          |    0 |     0 |          0 |         1 |  0.00 |
| GTYE4_CHANNEL   |    0 |     0 |          0 |        16 |  0.00 |
| GTYE4_COMMON    |    0 |     0 |          0 |         4 |  0.00 |
| OBUFDS_GTE4     |    0 |     0 |          0 |         8 |  0.00 |
| OBUFDS_GTE4_ADV |    0 |     0 |          0 |         8 |  0.00 |
| PCIE40E4        |    0 |     0 |          0 |         1 |  0.00 |
| SYSMONE4        |    0 |     0 |          0 |         1 |  0.00 |
+-----------------+------+-------+------------+-----------+-------+


7. CONFIGURATION
----------------

+-------------+------+-------+------------+-----------+-------+
|  Site Type  | Used | Fixed | Prohibited | Available | Util% |
+-------------+------+-------+------------+-----------+-------+
| BSCANE2     |    0 |     0 |          0 |         4 |  0.00 |
| DNA_PORTE2  |    0 |     0 |          0 |         1 |  0.00 |
| EFUSE_USR   |    0 |     0 |          0 |         1 |  0.00 |
| FRAME_ECCE4 |    0 |     0 |          0 |         1 |  0.00 |
| ICAPE3      |    0 |     0 |          0 |         2 |  0.00 |
| MASTER_JTAG |    0 |     0 |          0 |         1 |  0.00 |
| STARTUPE3   |    0 |     0 |          0 |         1 |  0.00 |
+-------------+------+-------+------------+-----------+-------+


8. Primitives
-------------

+----------+-------+---------------------+
| Ref Name |  Used | Functional Category |
+----------+-------+---------------------+
| FDRE     | 99250 |            Register |
| LUT6     | 66297 |                 CLB |
| LUT5     | 34976 |                 CLB |
| LUT4     | 25591 |                 CLB |
| LUT3     | 21817 |                 CLB |
| LUT2     |  8883 |                 CLB |
| MUXF7    |  7938 |                 CLB |
| OBUF     |  7788 |                 I/O |
| INBUF    |  5358 |                 I/O |
| IBUFCTRL |  5358 |                 I/O |
| MUXF8    |  3341 |                 CLB |
| CARRY8   |  3100 |                 CLB |
| RAMD32   |  2202 |                 CLB |
| SRL16E   |  2080 |                 CLB |
| LUT1     |   892 |                 CLB |
| DSP48E2  |   421 |          Arithmetic |
| FDSE     |   343 |            Register |
| RAMS32   |   334 |                 CLB |
| RAMS64E  |    80 |                 CLB |
| SRLC32E  |    28 |                 CLB |
| FDCE     |     4 |            Register |
| BUFGCE   |     2 |               Clock |
+----------+-------+---------------------+


9. Black Boxes
--------------

+----------+------+
| Ref Name | Used |
+----------+------+


10. Instantiated Netlists
-------------------------

+----------+------+
| Ref Name | Used |
+----------+------+


