Copyright 1986-2022 Xilinx, Inc. All Rights Reserved. Copyright 2022-2026 Advanced Micro Devices, Inc. All Rights Reserved.
---------------------------------------------------------------------------------------------------------------------------------------------
| Tool Version : Vivado v.2026.1 (lin64) Build 6511674 Tue Jun 16 11:01:26 MDT 2026
| Date         : Fri Jul 10 03:10:01 2026
| Host         : dfc68d795b3c running 64-bit Ubuntu"
VERSION_ID="22.04 22.04.5 LTS (Jammy Jellyfish)"
VERSION_CODENAME=jammy
| Command      : report_utilization -hierarchical -file /work/fpga/out/util_routed.rpt
| Design       : bringup_harness
| Device       : xcku3p-ffvb676-2-e
| Speed File   : -2
| Design State : Routed
---------------------------------------------------------------------------------------------------------------------------------------------

Utilization Design Information

Table of Contents
-----------------
1. Utilization by Hierarchy

1. Utilization by Hierarchy
---------------------------

+---------------------------------------------+-----------------------------------+------------+------------+---------+------+--------+--------+--------+------+------------+
|                   Instance                  |               Module              | Total LUTs | Logic LUTs | LUTRAMs | SRLs |   FFs  | RAMB36 | RAMB18 | URAM | DSP Blocks |
+---------------------------------------------+-----------------------------------+------------+------------+---------+------+--------+--------+--------+------+------------+
| bringup_harness                             |                             (top) |     141298 |     138464 |    1348 | 1486 | 102633 |      0 |      0 |    0 |        397 |
|   (bringup_harness)                         |                             (top) |          0 |          0 |       0 |    0 |    259 |      0 |      0 |    0 |          0 |
|   dut                                       |                glm_q4k_system_cdc |     141298 |     138464 |    1348 | 1486 | 102374 |      0 |      0 |    0 |        397 |
|     (dut)                                   |                glm_q4k_system_cdc |          4 |          4 |       0 |    0 |     54 |      0 |      0 |    0 |          0 |
|     u_core_rst_sync                         |                        reset_sync |         65 |         65 |       0 |    0 |      3 |      0 |      0 |    0 |          0 |
|     u_req_fifo                              |                    cdc_async_fifo |         33 |         13 |      20 |    0 |     56 |      0 |      0 |    0 |          0 |
|     u_sys                                   |                    glm_q4k_system |     141175 |     138369 |    1320 | 1486 | 102219 |      0 |      0 |    0 |        397 |
|       (u_sys)                               |                    glm_q4k_system |         70 |         70 |       0 |    0 |    238 |      0 |      0 |    0 |          0 |
|       u_ecache                              |                   expert_cache_pf |        123 |        123 |       0 |    0 |    193 |      0 |      0 |    0 |          0 |
|       u_kvpager                             |                    kv_cache_pager |        888 |        888 |       0 |    0 |   2321 |      0 |      0 |    0 |          0 |
|       u_loader                              |                 weight_loader_q4k |         53 |         53 |       0 |    0 |     33 |      0 |      0 |    0 |          0 |
|       u_model                               |                     glm_model_q4k |     139424 |     136618 |    1320 | 1486 |  97359 |      0 |      0 |    0 |        397 |
|         (u_model)                           |                     glm_model_q4k |       4265 |       4265 |       0 |    0 |  12541 |      0 |      0 |    0 |          0 |
|         FNORM[0].u_fnorm                    |                      rmsnorm_unit |       2773 |       2741 |      32 |    0 |    349 |      0 |      0 |    0 |         12 |
|         u_block                             |             glm_decoder_block_q4k |     115760 |     113750 |    1288 |  722 |  74960 |      0 |      0 |    0 |        377 |
|           (u_block)                         |             glm_decoder_block_q4k |       7658 |       7658 |       0 |    0 |  14638 |      0 |      0 |    0 |          2 |
|           RN[0].u_rn                        |                   rmsnorm_unit_38 |       2817 |       2785 |      32 |    0 |    349 |      0 |      0 |    0 |         12 |
|           u_attn                            |                      mla_attn_q4k |      42236 |      40335 |    1256 |  645 |  32486 |      0 |      0 |    0 |        109 |
|             (u_attn)                        |                      mla_attn_q4k |       5121 |       3939 |    1182 |    0 |  19577 |      0 |      0 |    0 |          4 |
|             RNQ[0].u_rn_q                   |      rmsnorm_unit__parameterized0 |       2681 |       2665 |      16 |    0 |    349 |      0 |      0 |    0 |         12 |
|             RP[0].u_rope                    |              rope_interleave_unit |       7970 |       7970 |       0 |    0 |   1141 |      0 |      0 |    0 |         33 |
|             SM[0].u_softmax                 |                       glm_softmax |       6589 |       6303 |      50 |  236 |   4239 |      0 |      0 |    0 |         30 |
|               (SM[0].u_softmax)             |                       glm_softmax |        337 |        287 |      50 |    0 |    614 |      0 |      0 |    0 |          0 |
|               u_add                         |                  fp32_add_pipe_74 |        603 |        578 |       0 |   25 |    280 |      0 |      0 |    0 |          0 |
|               u_exp                         |                     fp32_exp_pipe |       3798 |       3650 |       0 |  148 |   2064 |      0 |      0 |    0 |         14 |
|                 (u_exp)                     |                     fp32_exp_pipe |        101 |          1 |       0 |  100 |    226 |      0 |      0 |    0 |          0 |
|                 u_a0                        |                  fp32_add_pipe_86 |        341 |        336 |       0 |    5 |    223 |      0 |      0 |    0 |          0 |
|                 u_a1                        |                  fp32_add_pipe_87 |        343 |        338 |       0 |    5 |    223 |      0 |      0 |    0 |          0 |
|                 u_a2                        |                  fp32_add_pipe_88 |        329 |        325 |       0 |    4 |    222 |      0 |      0 |    0 |          0 |
|                 u_a3                        |                  fp32_add_pipe_89 |        344 |        339 |       0 |    5 |    222 |      0 |      0 |    0 |          0 |
|                 u_a4                        |                  fp32_add_pipe_90 |        351 |        346 |       0 |    5 |    223 |      0 |      0 |    0 |          0 |
|                 u_kf                        |                  fp32_mul_pipe_91 |        377 |        377 |       0 |    0 |     64 |      0 |      0 |    0 |          2 |
|                 u_kln2                      |                  fp32_mul_pipe_92 |        249 |        249 |       0 |    0 |     63 |      0 |      0 |    0 |          2 |
|                 u_m0                        |                  fp32_mul_pipe_93 |        188 |        188 |       0 |    0 |     64 |      0 |      0 |    0 |          2 |
|                 u_m1                        |                  fp32_mul_pipe_94 |        198 |        198 |       0 |    0 |     64 |      0 |      0 |    0 |          2 |
|                 u_m2                        |                  fp32_mul_pipe_95 |        190 |        190 |       0 |    0 |     64 |      0 |      0 |    0 |          2 |
|                 u_m3                        |                  fp32_mul_pipe_96 |        191 |        191 |       0 |    0 |     64 |      0 |      0 |    0 |          2 |
|                 u_m4                        |                  fp32_mul_pipe_97 |        191 |        191 |       0 |    0 |     64 |      0 |      0 |    0 |          2 |
|                 u_r                         |                  fp32_add_pipe_98 |        419 |        395 |       0 |   24 |    278 |      0 |      0 |    0 |          0 |
|               u_mul                         |                  fp32_mul_pipe_75 |        162 |        162 |       0 |    0 |     66 |      0 |      0 |    0 |          2 |
|               u_rsq                         |                fp32_rsqrt_pipe_76 |       1692 |       1629 |       0 |   63 |   1215 |      0 |      0 |    0 |         14 |
|                 (u_rsq)                     |                fp32_rsqrt_pipe_76 |         66 |         12 |       0 |   54 |    327 |      0 |      0 |    0 |          0 |
|                 u_t0                        |                  fp32_add_pipe_77 |        337 |        333 |       0 |    4 |    222 |      0 |      0 |    0 |          0 |
|                 u_t1                        |                  fp32_add_pipe_78 |        339 |        334 |       0 |    5 |    222 |      0 |      0 |    0 |          0 |
|                 u_xhalf                     |                  fp32_mul_pipe_79 |        102 |        102 |       0 |    0 |     64 |      0 |      0 |    0 |          2 |
|                 u_xyy0                      |                  fp32_mul_pipe_80 |        203 |        203 |       0 |    0 |     64 |      0 |      0 |    0 |          2 |
|                 u_xyy1                      |                  fp32_mul_pipe_81 |        203 |        203 |       0 |    0 |     64 |      0 |      0 |    0 |          2 |
|                 u_y1                        |                  fp32_mul_pipe_82 |         93 |         93 |       0 |    0 |     64 |      0 |      0 |    0 |          2 |
|                 u_y2                        |                  fp32_mul_pipe_83 |        121 |        121 |       0 |    0 |     66 |      0 |      0 |    0 |          2 |
|                 u_yy0                       |                  fp32_mul_pipe_84 |        134 |        134 |       0 |    0 |     61 |      0 |      0 |    0 |          2 |
|                 u_yy1                       |                  fp32_mul_pipe_85 |        100 |        100 |       0 |    0 |     61 |      0 |      0 |    0 |          2 |
|             u_dsa                           |                       dsa_indexer |       3108 |       3083 |       0 |   25 |   1576 |      0 |      0 |    0 |          0 |
|               (u_dsa)                       |                       dsa_indexer |       1396 |       1396 |       0 |    0 |    926 |      0 |      0 |    0 |          0 |
|               u_mac                         |                  fp32_mac_pipe_71 |        615 |        590 |       0 |   25 |    350 |      0 |      0 |    0 |          0 |
|                 (u_mac)                     |                  fp32_mac_pipe_71 |          0 |          0 |       0 |    0 |     64 |      0 |      0 |    0 |          0 |
|                 u_add                       |                  fp32_add_pipe_72 |        505 |        480 |       0 |   25 |    280 |      0 |      0 |    0 |          0 |
|                 u_mul                       |                  fp32_mul_pipe_73 |        112 |        112 |       0 |    0 |      6 |      0 |      0 |    0 |          0 |
|               u_topk                        |                       topk_select |       1100 |       1100 |       0 |    0 |    300 |      0 |      0 |    0 |          0 |
|             u_mm_bf16                       |                   glm_matmul_pipe |      10643 |      10259 |       0 |  384 |   4548 |      0 |      0 |    0 |          2 |
|               (u_mm_bf16)                   |                   glm_matmul_pipe |        436 |        433 |       0 |    3 |    517 |      0 |      0 |    0 |          0 |
|               ROW[0].COL[0].u_a01           |                  fp32_add_pipe_51 |        700 |        676 |       0 |   24 |    278 |      0 |      0 |    0 |          0 |
|               ROW[0].COL[0].u_a23           |                  fp32_add_pipe_52 |        574 |        550 |       0 |   24 |    278 |      0 |      0 |    0 |          0 |
|               ROW[0].COL[0].u_a45           |                  fp32_add_pipe_53 |        702 |        678 |       0 |   24 |    278 |      0 |      0 |    0 |          0 |
|               ROW[0].COL[0].u_a6            |                  fp32_add_pipe_54 |         56 |         34 |       0 |   22 |     54 |      0 |      0 |    0 |          0 |
|               ROW[0].COL[0].u_b0            |                  fp32_add_pipe_55 |        536 |        512 |       0 |   24 |    278 |      0 |      0 |    0 |          0 |
|               ROW[0].COL[0].u_b1            |                  fp32_add_pipe_56 |        408 |        384 |       0 |   24 |    278 |      0 |      0 |    0 |          0 |
|               ROW[0].COL[0].u_c0            |                  fp32_add_pipe_57 |        413 |        389 |       0 |   24 |    278 |      0 |      0 |    0 |          0 |
|               ROW[0].COL[0].u_mac           |                  fp32_mac_pipe_58 |       3117 |       3093 |       0 |   24 |    406 |      0 |      0 |    0 |          2 |
|                 (ROW[0].COL[0].u_mac)       |                  fp32_mac_pipe_58 |         65 |         65 |       0 |    0 |     64 |      0 |      0 |    0 |          0 |
|                 u_add                       |                  fp32_add_pipe_69 |        398 |        374 |       0 |   24 |    278 |      0 |      0 |    0 |          0 |
|                 u_mul                       |                  fp32_mul_pipe_70 |       2655 |       2655 |       0 |    0 |     64 |      0 |      0 |    0 |          2 |
|               ROW[0].COL[1].u_a01           |                  fp32_add_pipe_59 |        701 |        677 |       0 |   24 |    278 |      0 |      0 |    0 |          0 |
|               ROW[0].COL[1].u_a23           |                  fp32_add_pipe_60 |        574 |        550 |       0 |   24 |    278 |      0 |      0 |    0 |          0 |
|               ROW[0].COL[1].u_a45           |                  fp32_add_pipe_61 |        701 |        677 |       0 |   24 |    278 |      0 |      0 |    0 |          0 |
|               ROW[0].COL[1].u_a6            |                  fp32_add_pipe_62 |         56 |         34 |       0 |   22 |     54 |      0 |      0 |    0 |          0 |
|               ROW[0].COL[1].u_b0            |                  fp32_add_pipe_63 |        536 |        512 |       0 |   24 |    278 |      0 |      0 |    0 |          0 |
|               ROW[0].COL[1].u_b1            |                  fp32_add_pipe_64 |        409 |        385 |       0 |   24 |    278 |      0 |      0 |    0 |          0 |
|               ROW[0].COL[1].u_c0            |                  fp32_add_pipe_65 |        413 |        389 |       0 |   24 |    278 |      0 |      0 |    0 |          0 |
|               ROW[0].COL[1].u_mac           |                  fp32_mac_pipe_66 |        353 |        328 |       0 |   25 |    181 |      0 |      0 |    0 |          0 |
|                 (ROW[0].COL[1].u_mac)       |                  fp32_mac_pipe_66 |         65 |         65 |       0 |    0 |     64 |      0 |      0 |    0 |          0 |
|                 u_add                       |                  fp32_add_pipe_67 |        149 |        124 |       0 |   25 |    111 |      0 |      0 |    0 |          0 |
|                 u_mul                       |                  fp32_mul_pipe_68 |        140 |        140 |       0 |    0 |      6 |      0 |      0 |    0 |          0 |
|             u_mm_fp8                        |                    glm_matmul_q4k |       3560 |       3560 |       0 |    0 |    708 |      0 |      0 |    0 |         16 |
|             u_rn_k                          |      rmsnorm_unit__parameterized1 |       2571 |       2563 |       8 |    0 |    348 |      0 |      0 |    0 |         12 |
|           u_dense                           |                 swiglu_expert_q4k |      17629 |      17629 |       0 |    0 |  11401 |      0 |      0 |    0 |         70 |
|             (u_dense)                       |                 swiglu_expert_q4k |       2592 |       2592 |       0 |    0 |   8450 |      0 |      0 |    0 |          8 |
|             u_mm                            |    glm_matmul_q4k__parameterized1 |       7814 |       7814 |       0 |    0 |   1239 |      0 |      0 |    0 |         32 |
|             u_silu                          |        glm_act__parameterized0_49 |       7259 |       7259 |       0 |    0 |   1712 |      0 |      0 |    0 |         30 |
|               (u_silu)                      |        glm_act__parameterized0_49 |        515 |        515 |       0 |    0 |    153 |      0 |      0 |    0 |          0 |
|               g_ser.u_core                  |   glm_act_core__parameterized0_50 |       6744 |       6744 |       0 |    0 |   1559 |      0 |      0 |    0 |         30 |
|           u_moe                             | swiglu_expert_q4k__parameterized0 |      20569 |      20569 |       0 |    0 |   8305 |      0 |      0 |    0 |         70 |
|             (u_moe)                         | swiglu_expert_q4k__parameterized0 |       6239 |       6239 |       0 |    0 |   5359 |      0 |      0 |    0 |          8 |
|             u_mm                            |    glm_matmul_q4k__parameterized2 |       7160 |       7160 |       0 |    0 |   1234 |      0 |      0 |    0 |         32 |
|             u_silu                          |           glm_act__parameterized0 |       7205 |       7205 |       0 |    0 |   1712 |      0 |      0 |    0 |         30 |
|               (u_silu)                      |           glm_act__parameterized0 |        444 |        444 |       0 |    0 |    153 |      0 |      0 |    0 |          0 |
|               g_ser.u_core                  |      glm_act_core__parameterized0 |       6761 |       6761 |       0 |    0 |   1559 |      0 |      0 |    0 |         30 |
|           u_router                          |                    moe_router_q4k |      24856 |      24779 |       0 |   77 |   7781 |      0 |      0 |    0 |        114 |
|             (u_router)                      |                    moe_router_q4k |        460 |        460 |       0 |    0 |   2482 |      0 |      0 |    0 |          8 |
|             RCP_R[0].u_rsqrt                |                   fp32_rsqrt_pipe |       1754 |       1694 |       0 |   60 |   1196 |      0 |      0 |    0 |         14 |
|               (RCP_R[0].u_rsqrt)            |                   fp32_rsqrt_pipe |         64 |         11 |       0 |   53 |    324 |      0 |      0 |    0 |          0 |
|               u_t0                          |                  fp32_add_pipe_40 |        335 |        332 |       0 |    3 |    217 |      0 |      0 |    0 |          0 |
|               u_t1                          |                  fp32_add_pipe_41 |        336 |        332 |       0 |    4 |    217 |      0 |      0 |    0 |          0 |
|               u_xhalf                       |                  fp32_mul_pipe_42 |        102 |        102 |       0 |    0 |     64 |      0 |      0 |    0 |          2 |
|               u_xyy0                        |                  fp32_mul_pipe_43 |        204 |        204 |       0 |    0 |     64 |      0 |      0 |    0 |          2 |
|               u_xyy1                        |                  fp32_mul_pipe_44 |        204 |        204 |       0 |    0 |     64 |      0 |      0 |    0 |          2 |
|               u_y1                          |                  fp32_mul_pipe_45 |         92 |         92 |       0 |    0 |     61 |      0 |      0 |    0 |          2 |
|               u_y2                          |                  fp32_mul_pipe_46 |        190 |        190 |       0 |    0 |     63 |      0 |      0 |    0 |          2 |
|               u_yy0                         |                  fp32_mul_pipe_47 |        133 |        133 |       0 |    0 |     61 |      0 |      0 |    0 |          2 |
|               u_yy1                         |                  fp32_mul_pipe_48 |        101 |        101 |       0 |    0 |     61 |      0 |      0 |    0 |          2 |
|             SUMTREE[0].LVL[0].NODE[0].u_add |                  fp32_add_pipe_39 |        419 |        402 |       0 |   17 |    232 |      0 |      0 |    0 |          0 |
|             TOPK_R[0].u_topk                |       topk_select__parameterized0 |        545 |        545 |       0 |    0 |    175 |      0 |      0 |    0 |          0 |
|             u_gemv                          |    glm_matmul_q4k__parameterized0 |      14899 |      14899 |       0 |    0 |   2160 |      0 |      0 |    0 |         64 |
|             u_sigmoid                       |                           glm_act |       6782 |       6782 |       0 |    0 |   1536 |      0 |      0 |    0 |         28 |
|               (u_sigmoid)                   |                           glm_act |        120 |        120 |       0 |    0 |    275 |      0 |      0 |    0 |          0 |
|               g_ser.u_core                  |                      glm_act_core |       6662 |       6662 |       0 |    0 |   1261 |      0 |      0 |    0 |         28 |
|         u_lm                                |   glm_matmul_pipe__parameterized0 |      16633 |      15869 |       0 |  764 |   9509 |      0 |      0 |    0 |          8 |
|           (u_lm)                            |   glm_matmul_pipe__parameterized0 |        101 |         98 |       0 |    3 |    995 |      0 |      0 |    0 |          0 |
|           ROW[0].COL[0].u_a01               |                     fp32_add_pipe |        702 |        678 |       0 |   24 |    278 |      0 |      0 |    0 |          0 |
|           ROW[0].COL[0].u_a23               |                   fp32_add_pipe_1 |        574 |        550 |       0 |   24 |    278 |      0 |      0 |    0 |          0 |
|           ROW[0].COL[0].u_a45               |                   fp32_add_pipe_2 |        701 |        677 |       0 |   24 |    278 |      0 |      0 |    0 |          0 |
|           ROW[0].COL[0].u_a6                |                   fp32_add_pipe_3 |         56 |         34 |       0 |   22 |     54 |      0 |      0 |    0 |          0 |
|           ROW[0].COL[0].u_b0                |                   fp32_add_pipe_4 |        537 |        513 |       0 |   24 |    278 |      0 |      0 |    0 |          0 |
|           ROW[0].COL[0].u_b1                |                   fp32_add_pipe_5 |        409 |        385 |       0 |   24 |    278 |      0 |      0 |    0 |          0 |
|           ROW[0].COL[0].u_c0                |                   fp32_add_pipe_6 |        413 |        389 |       0 |   24 |    278 |      0 |      0 |    0 |          0 |
|           ROW[0].COL[0].u_mac               |                     fp32_mac_pipe |        716 |        692 |       0 |   24 |    406 |      0 |      0 |    0 |          2 |
|             (ROW[0].COL[0].u_mac)           |                     fp32_mac_pipe |         66 |         66 |       0 |    0 |     64 |      0 |      0 |    0 |          0 |
|             u_add                           |                  fp32_add_pipe_36 |        398 |        374 |       0 |   24 |    278 |      0 |      0 |    0 |          0 |
|             u_mul                           |                  fp32_mul_pipe_37 |        252 |        252 |       0 |    0 |     64 |      0 |      0 |    0 |          2 |
|           ROW[0].COL[1].u_a01               |                   fp32_add_pipe_7 |        702 |        678 |       0 |   24 |    278 |      0 |      0 |    0 |          0 |
|           ROW[0].COL[1].u_a23               |                   fp32_add_pipe_8 |        576 |        552 |       0 |   24 |    278 |      0 |      0 |    0 |          0 |
|           ROW[0].COL[1].u_a45               |                   fp32_add_pipe_9 |        702 |        678 |       0 |   24 |    278 |      0 |      0 |    0 |          0 |
|           ROW[0].COL[1].u_a6                |                  fp32_add_pipe_10 |         56 |         34 |       0 |   22 |     54 |      0 |      0 |    0 |          0 |
|           ROW[0].COL[1].u_b0                |                  fp32_add_pipe_11 |        538 |        514 |       0 |   24 |    278 |      0 |      0 |    0 |          0 |
|           ROW[0].COL[1].u_b1                |                  fp32_add_pipe_12 |        410 |        386 |       0 |   24 |    278 |      0 |      0 |    0 |          0 |
|           ROW[0].COL[1].u_c0                |                  fp32_add_pipe_13 |        413 |        389 |       0 |   24 |    278 |      0 |      0 |    0 |          0 |
|           ROW[0].COL[1].u_mac               |                  fp32_mac_pipe_14 |        847 |        822 |       0 |   25 |    408 |      0 |      0 |    0 |          2 |
|             (ROW[0].COL[1].u_mac)           |                  fp32_mac_pipe_14 |         64 |         64 |       0 |    0 |     64 |      0 |      0 |    0 |          0 |
|             u_add                           |                  fp32_add_pipe_34 |        532 |        507 |       0 |   25 |    280 |      0 |      0 |    0 |          0 |
|             u_mul                           |                  fp32_mul_pipe_35 |        252 |        252 |       0 |    0 |     64 |      0 |      0 |    0 |          2 |
|           ROW[0].COL[2].u_a01               |                  fp32_add_pipe_15 |        701 |        677 |       0 |   24 |    278 |      0 |      0 |    0 |          0 |
|           ROW[0].COL[2].u_a23               |                  fp32_add_pipe_16 |        575 |        551 |       0 |   24 |    278 |      0 |      0 |    0 |          0 |
|           ROW[0].COL[2].u_a45               |                  fp32_add_pipe_17 |        702 |        678 |       0 |   24 |    278 |      0 |      0 |    0 |          0 |
|           ROW[0].COL[2].u_a6                |                  fp32_add_pipe_18 |         56 |         34 |       0 |   22 |     54 |      0 |      0 |    0 |          0 |
|           ROW[0].COL[2].u_b0                |                  fp32_add_pipe_19 |        536 |        512 |       0 |   24 |    278 |      0 |      0 |    0 |          0 |
|           ROW[0].COL[2].u_b1                |                  fp32_add_pipe_20 |        409 |        385 |       0 |   24 |    278 |      0 |      0 |    0 |          0 |
|           ROW[0].COL[2].u_c0                |                  fp32_add_pipe_21 |        413 |        389 |       0 |   24 |    278 |      0 |      0 |    0 |          0 |
|           ROW[0].COL[2].u_mac               |                  fp32_mac_pipe_22 |        714 |        690 |       0 |   24 |    406 |      0 |      0 |    0 |          2 |
|             (ROW[0].COL[2].u_mac)           |                  fp32_mac_pipe_22 |         64 |         64 |       0 |    0 |     64 |      0 |      0 |    0 |          0 |
|             u_add                           |                  fp32_add_pipe_32 |        397 |        373 |       0 |   24 |    278 |      0 |      0 |    0 |          0 |
|             u_mul                           |                  fp32_mul_pipe_33 |        253 |        253 |       0 |    0 |     64 |      0 |      0 |    0 |          2 |
|           ROW[0].COL[3].u_a01               |                  fp32_add_pipe_23 |        703 |        679 |       0 |   24 |    278 |      0 |      0 |    0 |          0 |
|           ROW[0].COL[3].u_a23               |                  fp32_add_pipe_24 |        576 |        552 |       0 |   24 |    278 |      0 |      0 |    0 |          0 |
|           ROW[0].COL[3].u_a45               |                  fp32_add_pipe_25 |        703 |        679 |       0 |   24 |    278 |      0 |      0 |    0 |          0 |
|           ROW[0].COL[3].u_a6                |                  fp32_add_pipe_26 |         56 |         34 |       0 |   22 |     54 |      0 |      0 |    0 |          0 |
|           ROW[0].COL[3].u_b0                |                  fp32_add_pipe_27 |        538 |        514 |       0 |   24 |    278 |      0 |      0 |    0 |          0 |
|           ROW[0].COL[3].u_b1                |                  fp32_add_pipe_28 |        410 |        386 |       0 |   24 |    278 |      0 |      0 |    0 |          0 |
|           ROW[0].COL[3].u_c0                |                  fp32_add_pipe_29 |        415 |        391 |       0 |   24 |    278 |      0 |      0 |    0 |          0 |
|           ROW[0].COL[3].u_mac               |                  fp32_mac_pipe_30 |        753 |        729 |       0 |   24 |    406 |      0 |      0 |    0 |          2 |
|             (ROW[0].COL[3].u_mac)           |                  fp32_mac_pipe_30 |         65 |         65 |       0 |    0 |     64 |      0 |      0 |    0 |          0 |
|             u_add                           |                  fp32_add_pipe_31 |        398 |        374 |       0 |   24 |    278 |      0 |      0 |    0 |          0 |
|             u_mul                           |                     fp32_mul_pipe |        291 |        291 |       0 |    0 |     64 |      0 |      0 |    0 |          2 |
|       u_xbar                                |                         ddr5_xbar |        619 |        619 |       0 |    0 |   2075 |      0 |      0 |    0 |          0 |
+---------------------------------------------+-----------------------------------+------------+------------+---------+------+--------+--------+--------+------+------------+
* Note: The sum of lower-level cells may be larger than their parent cells total, due to cross-hierarchy LUT combining


